<?xml version="1.0" encoding="UTF-8"?>
<!-- Generated by org.testng.reporters.JUnitReportReporter -->
<testsuite hostname="ADMINIB-QLEMS89" name="Jenkins" tests="1" failures="0" timestamp="5 Oct 2017 04:33:23 GMT" time="0.021" errors="0">
  <testcase name="testLogin" time="0.021" classname="Jenkins"/>
</testsuite> <!-- Jenkins -->
